<?xml version="1.0" encoding="UTF-8"?>
<!-- Generated by org.testng.reporters.JUnitReportReporter -->
<testsuite hostname="DESKTOP-Q6EUPV9" failures="0" tests="1" name="testClasses.VerifyUserCanLogin" time="2.724" errors="0" timestamp="2022-10-19T17:06:04 IST" skipped="0">
  <testcase classname="testClasses.VerifyUserCanLogin" name="VerifyUserLogin" time="2.724"/>
  <system-out/>
</testsuite> <!-- testClasses.VerifyUserCanLogin -->
